
*** Running vivado
    with args -log audio_testbench.vds -m64 -product Vivado -mode batch -messageDb vivado.pb -notrace -source audio_testbench.tcl



****** Vivado v2024.2 (64-bit)
  **** SW Build 5239630 on Fri Nov 08 22:35:27 MST 2024
  **** IP Build 5239520 on Sun Nov 10 16:12:51 MST 2024
  **** SharedData Build 5239561 on Fri Nov 08 14:39:27 MST 2024
  **** Start of session at: Mon Apr 27 17:13:52 2026
    ** Copyright 1986-2022 Xilinx, Inc. All Rights Reserved.
    ** Copyright 2022-2024 Advanced Micro Devices, Inc. All Rights Reserved.

source audio_testbench.tcl -notrace
Command: read_checkpoint -auto_incremental -incremental C:/Users/frabo/a/Programming/Vivado/speaker_3/speaker_3.srcs/utils_1/imports/synth_1/audio_testbench.dcp
INFO: [Vivado 12-5825] Read reference checkpoint from C:/Users/frabo/a/Programming/Vivado/speaker_3/speaker_3.srcs/utils_1/imports/synth_1/audio_testbench.dcp for incremental synthesis
INFO: [Vivado 12-7989] Please ensure there are no constraint changes
Command: synth_design -top audio_testbench -part xc7z020clg484-1
Starting synth_design
Attempting to get a license for feature 'Synthesis' and/or device 'xc7z020'
INFO: [Common 17-349] Got license for feature 'Synthesis' and/or device 'xc7z020'
INFO: [Device 21-403] Loading part xc7z020clg484-1
INFO: [Designutils 20-5440] No compile time benefit to using incremental synthesis; A full resynthesis will be run
INFO: [Designutils 20-4379] Flow is switching to default flow due to incremental criteria not met. If you would like to alter this behaviour and have the flow terminate instead, please set the following parameter config_implementation {autoIncr.Synth.RejectBehavior Terminate}
INFO: [Synth 8-7079] Multithreading enabled for synth_design using a maximum of 2 processes.
INFO: [Synth 8-7078] Launching helper process for spawning children vivado processes
INFO: [Synth 8-7075] Helper process launched with PID 19120
---------------------------------------------------------------------------------
Starting RTL Elaboration : Time (s): cpu = 00:00:03 ; elapsed = 00:00:04 . Memory (MB): peak = 995.699 ; gain = 468.285
---------------------------------------------------------------------------------
INFO: [Synth 8-638] synthesizing module 'audio_testbench' [C:/Users/frabo/a/Programming/Vivado/speaker_3/hdl/audio_testbench.vhd:47]
INFO: [Synth 8-3491] module 'audio_top' declared at 'C:/Users/frabo/a/Programming/Vivado/speaker_3/hdl/audio/audio_top.vhd:45' bound to instance 'i_audio' of component 'audio_top' [C:/Users/frabo/a/Programming/Vivado/speaker_3/hdl/audio_testbench.vhd:105]
INFO: [Synth 8-638] synthesizing module 'audio_top' [C:/Users/frabo/a/Programming/Vivado/speaker_3/hdl/audio/audio_top.vhd:74]
INFO: [Synth 8-3491] module 'clocking' declared at 'C:/Users/frabo/a/Programming/Vivado/speaker_3/hdl/audio/clocking.vhd:30' bound to instance 'i_clocking' of component 'clocking' [C:/Users/frabo/a/Programming/Vivado/speaker_3/hdl/audio/audio_top.vhd:124]
INFO: [Synth 8-638] synthesizing module 'clocking' [C:/Users/frabo/a/Programming/Vivado/speaker_3/hdl/audio/clocking.vhd:42]
INFO: [Synth 8-113] binding component instance 'clkin1_buf' to cell 'IBUFG' [C:/Users/frabo/a/Programming/Vivado/speaker_3/hdl/audio/clocking.vhd:57]
	Parameter BANDWIDTH bound to: OPTIMIZED - type: string 
	Parameter CLKFBOUT_MULT_F bound to: 49.500000 - type: double 
	Parameter CLKFBOUT_PHASE bound to: 0.000000 - type: double 
	Parameter CLKFBOUT_USE_FINE_PS bound to: 0 - type: bool 
	Parameter CLKIN1_PERIOD bound to: 10.000000 - type: double 
	Parameter CLKOUT0_DIVIDE_F bound to: 20.625000 - type: double 
	Parameter CLKOUT0_DUTY_CYCLE bound to: 0.500000 - type: double 
	Parameter CLKOUT0_PHASE bound to: 0.000000 - type: double 
	Parameter CLKOUT0_USE_FINE_PS bound to: 0 - type: bool 
	Parameter CLKOUT4_CASCADE bound to: 0 - type: bool 
	Parameter COMPENSATION bound to: INTERNAL - type: string 
	Parameter DIVCLK_DIVIDE bound to: 5 - type: integer 
	Parameter REF_JITTER1 bound to: 0.010000 - type: double 
	Parameter STARTUP_WAIT bound to: 0 - type: bool 
INFO: [Synth 8-113] binding component instance 'mmcm_adv_inst' to cell 'MMCME2_ADV' [C:/Users/frabo/a/Programming/Vivado/speaker_3/hdl/audio/clocking.vhd:68]
INFO: [Synth 8-113] binding component instance 'clkout1_buf' to cell 'BUFG' [C:/Users/frabo/a/Programming/Vivado/speaker_3/hdl/audio/clocking.vhd:130]
INFO: [Synth 8-256] done synthesizing module 'clocking' (0#1) [C:/Users/frabo/a/Programming/Vivado/speaker_3/hdl/audio/clocking.vhd:42]
INFO: [Synth 8-3491] module 'adau1761_izedboard' declared at 'C:/Users/frabo/a/Programming/Vivado/speaker_3/hdl/audio/adau1761_izedboard.vhd:26' bound to instance 'Inst_adau1761_izedboard' of component 'adau1761_izedboard' [C:/Users/frabo/a/Programming/Vivado/speaker_3/hdl/audio/audio_top.vhd:131]
INFO: [Synth 8-638] synthesizing module 'adau1761_izedboard' [C:/Users/frabo/a/Programming/Vivado/speaker_3/hdl/audio/adau1761_izedboard.vhd:47]
INFO: [Synth 8-113] binding component instance 'i_i2s_sda_obuf' to cell 'IOBUF' [C:/Users/frabo/a/Programming/Vivado/speaker_3/hdl/audio/adau1761_izedboard.vhd:132]
INFO: [Synth 8-3491] module 'i2c' declared at 'C:/Users/frabo/a/Programming/Vivado/speaker_3/hdl/audio/i2c.vhd:9' bound to instance 'Inst_i2c' of component 'i2c' [C:/Users/frabo/a/Programming/Vivado/speaker_3/hdl/audio/adau1761_izedboard.vhd:140]
INFO: [Synth 8-638] synthesizing module 'i2c' [C:/Users/frabo/a/Programming/Vivado/speaker_3/hdl/audio/i2c.vhd:19]
INFO: [Synth 8-3491] module 'adau1761_configuraiton_data' declared at 'C:/Users/frabo/a/Programming/Vivado/speaker_3/hdl/audio/adau1761_configuraiton_data.vhd:13' bound to instance 'Inst_adau1761_configuraiton_data' of component 'adau1761_configuraiton_data' [C:/Users/frabo/a/Programming/Vivado/speaker_3/hdl/audio/i2c.vhd:56]
INFO: [Synth 8-638] synthesizing module 'adau1761_configuraiton_data' [C:/Users/frabo/a/Programming/Vivado/speaker_3/hdl/audio/adau1761_configuraiton_data.vhd:19]
INFO: [Synth 8-256] done synthesizing module 'adau1761_configuraiton_data' (0#1) [C:/Users/frabo/a/Programming/Vivado/speaker_3/hdl/audio/adau1761_configuraiton_data.vhd:19]
	Parameter clk_divide bound to: 8'b01111000 
INFO: [Synth 8-3491] module 'i3c2' declared at 'C:/Users/frabo/a/Programming/Vivado/speaker_3/hdl/audio/i3c2.vhd:18' bound to instance 'Inst_i3c2' of component 'i3c2' [C:/Users/frabo/a/Programming/Vivado/speaker_3/hdl/audio/i2c.vhd:62]
INFO: [Synth 8-638] synthesizing module 'i3c2' [C:/Users/frabo/a/Programming/Vivado/speaker_3/hdl/audio/i3c2.vhd:38]
	Parameter clk_divide bound to: 8'b01111000 
INFO: [Synth 8-256] done synthesizing module 'i3c2' (0#1) [C:/Users/frabo/a/Programming/Vivado/speaker_3/hdl/audio/i3c2.vhd:38]
INFO: [Synth 8-256] done synthesizing module 'i2c' (0#1) [C:/Users/frabo/a/Programming/Vivado/speaker_3/hdl/audio/i2c.vhd:19]
INFO: [Synth 8-3491] module 'ADAU1761_interface' declared at 'C:/Users/frabo/a/Programming/Vivado/speaker_3/hdl/audio/ADAU1761_interface.vhd:11' bound to instance 'i_ADAU1761_interface' of component 'ADAU1761_interface' [C:/Users/frabo/a/Programming/Vivado/speaker_3/hdl/audio/adau1761_izedboard.vhd:150]
INFO: [Synth 8-638] synthesizing module 'ADAU1761_interface' [C:/Users/frabo/a/Programming/Vivado/speaker_3/hdl/audio/ADAU1761_interface.vhd:16]
INFO: [Synth 8-256] done synthesizing module 'ADAU1761_interface' (0#1) [C:/Users/frabo/a/Programming/Vivado/speaker_3/hdl/audio/ADAU1761_interface.vhd:16]
INFO: [Synth 8-3491] module 'i2s_data_interface' declared at 'C:/Users/frabo/a/Programming/Vivado/speaker_3/hdl/audio/i2s_data_interface.vhd:13' bound to instance 'Inst_i2s_data_interface' of component 'i2s_data_interface' [C:/Users/frabo/a/Programming/Vivado/speaker_3/hdl/audio/adau1761_izedboard.vhd:155]
INFO: [Synth 8-638] synthesizing module 'i2s_data_interface' [C:/Users/frabo/a/Programming/Vivado/speaker_3/hdl/audio/i2s_data_interface.vhd:26]
INFO: [Synth 8-256] done synthesizing module 'i2s_data_interface' (0#1) [C:/Users/frabo/a/Programming/Vivado/speaker_3/hdl/audio/i2s_data_interface.vhd:26]
INFO: [Synth 8-256] done synthesizing module 'adau1761_izedboard' (0#1) [C:/Users/frabo/a/Programming/Vivado/speaker_3/hdl/audio/adau1761_izedboard.vhd:47]
INFO: [Synth 8-256] done synthesizing module 'audio_top' (0#1) [C:/Users/frabo/a/Programming/Vivado/speaker_3/hdl/audio/audio_top.vhd:74]
INFO: [Synth 8-3491] module 'square_wave_440hz' declared at 'C:/Users/frabo/a/Programming/Vivado/speaker_3/hdl/square_wave_440hz.vhd:5' bound to instance 'i_440hz' of component 'square_wave_440hz' [C:/Users/frabo/a/Programming/Vivado/speaker_3/hdl/audio_testbench.vhd:130]
INFO: [Synth 8-638] synthesizing module 'square_wave_440hz' [C:/Users/frabo/a/Programming/Vivado/speaker_3/hdl/square_wave_440hz.vhd:14]
INFO: [Synth 8-256] done synthesizing module 'square_wave_440hz' (0#1) [C:/Users/frabo/a/Programming/Vivado/speaker_3/hdl/square_wave_440hz.vhd:14]
INFO: [Synth 8-113] binding component instance 'BUFG_inst' to cell 'BUFG' [C:/Users/frabo/a/Programming/Vivado/speaker_3/hdl/audio_testbench.vhd:242]
INFO: [Synth 8-256] done synthesizing module 'audio_testbench' (0#1) [C:/Users/frabo/a/Programming/Vivado/speaker_3/hdl/audio_testbench.vhd:47]
WARNING: [Synth 8-6014] Unused sequential element hphone_r_reg was removed.  [C:/Users/frabo/a/Programming/Vivado/speaker_3/hdl/audio_testbench.vhd:119]
WARNING: [Synth 8-7129] Port hphone_r_valid_dummy in module audio_top is either unconnected or has no load
---------------------------------------------------------------------------------
Finished RTL Elaboration : Time (s): cpu = 00:00:04 ; elapsed = 00:00:05 . Memory (MB): peak = 1108.582 ; gain = 581.168
---------------------------------------------------------------------------------
---------------------------------------------------------------------------------
Start Handling Custom Attributes
---------------------------------------------------------------------------------
---------------------------------------------------------------------------------
Finished Handling Custom Attributes : Time (s): cpu = 00:00:04 ; elapsed = 00:00:05 . Memory (MB): peak = 1108.582 ; gain = 581.168
---------------------------------------------------------------------------------
---------------------------------------------------------------------------------
Finished RTL Optimization Phase 1 : Time (s): cpu = 00:00:04 ; elapsed = 00:00:05 . Memory (MB): peak = 1108.582 ; gain = 581.168
---------------------------------------------------------------------------------
Netlist sorting complete. Time (s): cpu = 00:00:00 ; elapsed = 00:00:00.009 . Memory (MB): peak = 1108.582 ; gain = 0.000
INFO: [Netlist 29-17] Analyzing 3 Unisim elements for replacement
WARNING: [Netlist 29-432] The IBUFG primitive 'i_audio/i_clocking/clkin1_buf' has been retargeted to an IBUF primitive only. No BUFG will be added. If a global buffer is intended, please instantiate an available global clock primitive from the current architecture.
INFO: [Netlist 29-28] Unisim Transformation completed in 0 CPU seconds
INFO: [Project 1-570] Preparing netlist for logic optimization

Processing XDC Constraints
Initializing timing engine
Parsing XDC File [C:/Users/frabo/a/Programming/Vivado/speaker_3/constraints/zed_audio.xdc]
INFO: [Timing 38-2] Deriving generated clocks [C:/Users/frabo/a/Programming/Vivado/speaker_3/constraints/zed_audio.xdc:4]
Finished Parsing XDC File [C:/Users/frabo/a/Programming/Vivado/speaker_3/constraints/zed_audio.xdc]
INFO: [Project 1-236] Implementation specific constraints were found while reading constraint file [C:/Users/frabo/a/Programming/Vivado/speaker_3/constraints/zed_audio.xdc]. These constraints will be ignored for synthesis but will be used in implementation. Impacted constraints are listed in the file [.Xil/audio_testbench_propImpl.xdc].
Resolution: To avoid this warning, move constraints listed in [.Xil/audio_testbench_propImpl.xdc] to another XDC file and exclude this new file from synthesis with the used_in_synthesis property (File Properties dialog in GUI) and re-run elaboration/synthesis.
Completed Processing XDC Constraints

Netlist sorting complete. Time (s): cpu = 00:00:00 ; elapsed = 00:00:00 . Memory (MB): peak = 1200.918 ; gain = 0.000
INFO: [Project 1-111] Unisim Transformation Summary:
  A total of 2 instances were transformed.
  IBUFG => IBUF: 1 instance 
  IOBUF => IOBUF (IBUF, OBUFT): 1 instance 

Constraint Validation Runtime : Time (s): cpu = 00:00:00 ; elapsed = 00:00:00.003 . Memory (MB): peak = 1200.918 ; gain = 0.000
INFO: [Designutils 20-5440] No compile time benefit to using incremental synthesis; A full resynthesis will be run
INFO: [Designutils 20-4379] Flow is switching to default flow due to incremental criteria not met. If you would like to alter this behaviour and have the flow terminate instead, please set the following parameter config_implementation {autoIncr.Synth.RejectBehavior Terminate}
---------------------------------------------------------------------------------
Finished Constraint Validation : Time (s): cpu = 00:00:10 ; elapsed = 00:00:11 . Memory (MB): peak = 1200.918 ; gain = 673.504
---------------------------------------------------------------------------------
---------------------------------------------------------------------------------
Start Loading Part and Timing Information
---------------------------------------------------------------------------------
Loading part: xc7z020clg484-1
---------------------------------------------------------------------------------
Finished Loading Part and Timing Information : Time (s): cpu = 00:00:10 ; elapsed = 00:00:11 . Memory (MB): peak = 1200.918 ; gain = 673.504
---------------------------------------------------------------------------------
---------------------------------------------------------------------------------
Start Applying 'set_property' XDC Constraints
---------------------------------------------------------------------------------
---------------------------------------------------------------------------------
Finished applying 'set_property' XDC Constraints : Time (s): cpu = 00:00:10 ; elapsed = 00:00:11 . Memory (MB): peak = 1200.918 ; gain = 673.504
---------------------------------------------------------------------------------
INFO: [Synth 8-802] inferred FSM for state register 'state_reg' in module 'i3c2'
---------------------------------------------------------------------------------------------------
                   State |                     New Encoding |                Previous Encoding 
---------------------------------------------------------------------------------------------------
               state_run |                              000 |                             0000
         state_i2c_start |                              001 |                             0010
          state_i2c_bits |                              010 |                             0011
             state_delay |                              011 |                             0001
          state_i2c_stop |                              100 |                             0100
---------------------------------------------------------------------------------------------------
INFO: [Synth 8-3354] encoded FSM with state register 'state_reg' using encoding 'sequential' in module 'i3c2'
---------------------------------------------------------------------------------
Finished RTL Optimization Phase 2 : Time (s): cpu = 00:00:10 ; elapsed = 00:00:12 . Memory (MB): peak = 1200.918 ; gain = 673.504
---------------------------------------------------------------------------------
---------------------------------------------------------------------------------
Start RTL Component Statistics 
---------------------------------------------------------------------------------
Detailed RTL Component Info : 
+---Adders : 
	   2 Input   16 Bit       Adders := 1     
	   2 Input   10 Bit       Adders := 1     
	   2 Input    8 Bit       Adders := 1     
	   2 Input    4 Bit       Adders := 1     
+---XORs : 
	   2 Input      1 Bit         XORs := 1     
+---Registers : 
	              127 Bit    Registers := 1     
	               64 Bit    Registers := 1     
	               24 Bit    Registers := 7     
	               16 Bit    Registers := 2     
	               10 Bit    Registers := 2     
	                9 Bit    Registers := 2     
	                8 Bit    Registers := 2     
	                5 Bit    Registers := 1     
	                4 Bit    Registers := 1     
	                1 Bit    Registers := 26    
+---ROMs : 
	                    ROMs := 1     
+---Muxes : 
	   2 Input   64 Bit        Muxes := 1     
	   2 Input   24 Bit        Muxes := 2     
	   2 Input   16 Bit        Muxes := 1     
	  13 Input   16 Bit        Muxes := 1     
	   5 Input   16 Bit        Muxes := 2     
	   2 Input   10 Bit        Muxes := 1     
	  13 Input   10 Bit        Muxes := 1     
	   5 Input   10 Bit        Muxes := 1     
	  13 Input    9 Bit        Muxes := 1     
	   5 Input    9 Bit        Muxes := 1     
	   2 Input    8 Bit        Muxes := 1     
	   5 Input    8 Bit        Muxes := 1     
	   2 Input    4 Bit        Muxes := 6     
	   4 Input    4 Bit        Muxes := 1     
	   7 Input    4 Bit        Muxes := 1     
	   5 Input    4 Bit        Muxes := 1     
	   5 Input    3 Bit        Muxes := 1     
	   2 Input    3 Bit        Muxes := 3     
	  13 Input    3 Bit        Muxes := 1     
	   2 Input    1 Bit        Muxes := 10    
	  13 Input    1 Bit        Muxes := 6     
	  14 Input    1 Bit        Muxes := 2     
	   5 Input    1 Bit        Muxes := 20    
---------------------------------------------------------------------------------
Finished RTL Component Statistics 
---------------------------------------------------------------------------------
---------------------------------------------------------------------------------
Start Part Resource Summary
---------------------------------------------------------------------------------
Part Resources:
DSPs: 220 (col length:60)
BRAMs: 280 (col length: RAMB18 60 RAMB36 30)
---------------------------------------------------------------------------------
Finished Part Resource Summary
---------------------------------------------------------------------------------
---------------------------------------------------------------------------------
Start Cross Boundary and Area Optimization
---------------------------------------------------------------------------------
WARNING: [Synth 8-7080] Parallel synthesis criteria is not met
WARNING: [Synth 8-3936] Found unconnected internal register 'i_audio/Inst_adau1761_izedboard/Inst_i2s_data_interface/sr_in_reg' and it is trimmed from '127' to '126' bits. [C:/Users/frabo/a/Programming/Vivado/speaker_3/hdl/audio/i2s_data_interface.vhd:47]
WARNING: [Synth 8-6040] Register i_audio/Inst_adau1761_izedboard/Inst_i2c/Inst_i3c2/pcnext_reg_rep driving address of a ROM cannot be packed in BRAM/URAM because of presence of initial value.
WARNING: [Synth 8-3917] design audio_testbench has port AC_ADR0 driven by constant 1
WARNING: [Synth 8-3917] design audio_testbench has port AC_ADR1 driven by constant 1
---------------------------------------------------------------------------------
Finished Cross Boundary and Area Optimization : Time (s): cpu = 00:00:12 ; elapsed = 00:00:14 . Memory (MB): peak = 1200.918 ; gain = 673.504
---------------------------------------------------------------------------------
---------------------------------------------------------------------------------
Start ROM, RAM, DSP, Shift Register and Retiming Reporting
---------------------------------------------------------------------------------

ROM: Preliminary Mapping Report
+----------------+------------------------------------------------------------------------------------+---------------+----------------+
|Module Name     | RTL Object                                                                         | Depth x Width | Implemented As | 
+----------------+------------------------------------------------------------------------------------+---------------+----------------+
|audio_testbench | i_audio/Inst_adau1761_izedboard/Inst_i2c/Inst_adau1761_configuraiton_data/data_reg | 1024x9        | Block RAM      | 
+----------------+------------------------------------------------------------------------------------+---------------+----------------+

---------------------------------------------------------------------------------
Finished ROM, RAM, DSP, Shift Register and Retiming Reporting
---------------------------------------------------------------------------------
---------------------------------------------------------------------------------
Start Applying XDC Timing Constraints
---------------------------------------------------------------------------------
---------------------------------------------------------------------------------
Finished Applying XDC Timing Constraints : Time (s): cpu = 00:00:17 ; elapsed = 00:00:19 . Memory (MB): peak = 1312.441 ; gain = 785.027
---------------------------------------------------------------------------------
---------------------------------------------------------------------------------
Start Timing Optimization
---------------------------------------------------------------------------------
---------------------------------------------------------------------------------
Finished Timing Optimization : Time (s): cpu = 00:00:17 ; elapsed = 00:00:19 . Memory (MB): peak = 1341.570 ; gain = 814.156
---------------------------------------------------------------------------------
---------------------------------------------------------------------------------
Start Technology Mapping
---------------------------------------------------------------------------------
INFO: [Synth 8-7052] The timing for the instance i_audio/Inst_adau1761_izedboard/Inst_i2c/Inst_adau1761_configuraiton_data/data_reg (implemented as a Block RAM) might be sub-optimal as no optional output register could be merged into the ram block. Providing additional output register may help in improving timing.
---------------------------------------------------------------------------------
Finished Technology Mapping : Time (s): cpu = 00:00:17 ; elapsed = 00:00:19 . Memory (MB): peak = 1342.578 ; gain = 815.164
---------------------------------------------------------------------------------
---------------------------------------------------------------------------------
Start IO Insertion
---------------------------------------------------------------------------------
---------------------------------------------------------------------------------
Start Flattening Before IO Insertion
---------------------------------------------------------------------------------
---------------------------------------------------------------------------------
Finished Flattening Before IO Insertion
---------------------------------------------------------------------------------
---------------------------------------------------------------------------------
Start Final Netlist Cleanup
---------------------------------------------------------------------------------
---------------------------------------------------------------------------------
Finished Final Netlist Cleanup
---------------------------------------------------------------------------------
WARNING: [Synth 8-5410] Found another clock driver BUFG_inst:O [C:/Users/frabo/a/Programming/Vivado/speaker_3/hdl/audio_testbench.vhd:242]
---------------------------------------------------------------------------------
Finished IO Insertion : Time (s): cpu = 00:00:19 ; elapsed = 00:00:22 . Memory (MB): peak = 1538.414 ; gain = 1011.000
---------------------------------------------------------------------------------
---------------------------------------------------------------------------------
Start Renaming Generated Instances
---------------------------------------------------------------------------------
---------------------------------------------------------------------------------
Finished Renaming Generated Instances : Time (s): cpu = 00:00:19 ; elapsed = 00:00:22 . Memory (MB): peak = 1538.414 ; gain = 1011.000
---------------------------------------------------------------------------------
---------------------------------------------------------------------------------
Start Rebuilding User Hierarchy
---------------------------------------------------------------------------------
---------------------------------------------------------------------------------
Finished Rebuilding User Hierarchy : Time (s): cpu = 00:00:20 ; elapsed = 00:00:22 . Memory (MB): peak = 1538.414 ; gain = 1011.000
---------------------------------------------------------------------------------
---------------------------------------------------------------------------------
Start Renaming Generated Ports
---------------------------------------------------------------------------------
---------------------------------------------------------------------------------
Finished Renaming Generated Ports : Time (s): cpu = 00:00:20 ; elapsed = 00:00:22 . Memory (MB): peak = 1538.414 ; gain = 1011.000
---------------------------------------------------------------------------------
---------------------------------------------------------------------------------
Start Handling Custom Attributes
---------------------------------------------------------------------------------
---------------------------------------------------------------------------------
Finished Handling Custom Attributes : Time (s): cpu = 00:00:20 ; elapsed = 00:00:22 . Memory (MB): peak = 1539.402 ; gain = 1011.988
---------------------------------------------------------------------------------
---------------------------------------------------------------------------------
Start Renaming Generated Nets
---------------------------------------------------------------------------------
---------------------------------------------------------------------------------
Finished Renaming Generated Nets : Time (s): cpu = 00:00:20 ; elapsed = 00:00:22 . Memory (MB): peak = 1539.402 ; gain = 1011.988
---------------------------------------------------------------------------------
---------------------------------------------------------------------------------
Start ROM, RAM, DSP, Shift Register and Retiming Reporting
---------------------------------------------------------------------------------

Static Shift Register Report:
+----------------+---------------------------------------------------------------------------+--------+-------+--------------+--------------------+-------------------+--------+---------+
|Module Name     | RTL Name                                                                  | Length | Width | Reset Signal | Pull out first Reg | Pull out last Reg | SRL16E | SRLC32E | 
+----------------+---------------------------------------------------------------------------+--------+-------+--------------+--------------------+-------------------+--------+---------+
|audio_testbench | i_audio/Inst_adau1761_izedboard/Inst_i2s_data_interface/bclk_delay_reg[1] | 6      | 1     | NO           | NO                 | YES               | 1      | 0       | 
|audio_testbench | i_audio/sample_clk_48k_d3_48_reg                                          | 3      | 1     | NO           | NO                 | YES               | 1      | 0       | 
|audio_testbench | i_audio/Inst_adau1761_izedboard/Inst_i2s_data_interface/sr_in_reg[71]     | 72     | 1     | NO           | NO                 | YES               | 0      | 3       | 
+----------------+---------------------------------------------------------------------------+--------+-------+--------------+--------------------+-------------------+--------+---------+

---------------------------------------------------------------------------------
Finished ROM, RAM, DSP, Shift Register and Retiming Reporting
---------------------------------------------------------------------------------
---------------------------------------------------------------------------------
Start Writing Synthesis Report
---------------------------------------------------------------------------------

Report BlackBoxes: 
+-+--------------+----------+
| |BlackBox name |Instances |
+-+--------------+----------+
+-+--------------+----------+

Report Cell Usage: 
+------+-----------+------+
|      |Cell       |Count |
+------+-----------+------+
|1     |BUFG       |     3|
|2     |CARRY4     |    10|
|3     |LUT1       |    17|
|4     |LUT2       |    18|
|5     |LUT3       |    19|
|6     |LUT4       |    72|
|7     |LUT5       |    20|
|8     |LUT6       |    72|
|9     |MMCME2_ADV |     1|
|10    |RAMB18E1   |     1|
|11    |SRL16E     |     2|
|12    |SRLC32E    |     3|
|13    |FDRE       |   271|
|14    |IBUF       |     5|
|15    |IBUFG      |     1|
|16    |IOBUF      |     1|
|17    |OBUF       |     5|
+------+-----------+------+
---------------------------------------------------------------------------------
Finished Writing Synthesis Report : Time (s): cpu = 00:00:20 ; elapsed = 00:00:22 . Memory (MB): peak = 1539.402 ; gain = 1011.988
---------------------------------------------------------------------------------
Synthesis finished with 0 errors, 0 critical warnings and 6 warnings.
Synthesis Optimization Runtime : Time (s): cpu = 00:00:14 ; elapsed = 00:00:20 . Memory (MB): peak = 1539.402 ; gain = 919.652
Synthesis Optimization Complete : Time (s): cpu = 00:00:20 ; elapsed = 00:00:22 . Memory (MB): peak = 1539.402 ; gain = 1011.988
INFO: [Project 1-571] Translating synthesized netlist
Netlist sorting complete. Time (s): cpu = 00:00:00 ; elapsed = 00:00:00.004 . Memory (MB): peak = 1539.402 ; gain = 0.000
INFO: [Netlist 29-17] Analyzing 14 Unisim elements for replacement
WARNING: [Netlist 29-432] The IBUFG primitive 'i_audio/i_clocking/clkin1_buf' has been retargeted to an IBUF primitive only. No BUFG will be added. If a global buffer is intended, please instantiate an available global clock primitive from the current architecture.
INFO: [Netlist 29-28] Unisim Transformation completed in 0 CPU seconds
INFO: [Project 1-570] Preparing netlist for logic optimization
WARNING: [Opt 31-32] Removing redundant IBUF since it is not being driven by a top-level port. i_audio/i_clocking/clkin1_buf 
Resolution: The tool has removed redundant IBUF. To resolve this warning, check for redundant IBUF in the input design.
INFO: [Opt 31-138] Pushed 0 inverter(s) to 0 load pin(s).
Netlist sorting complete. Time (s): cpu = 00:00:00 ; elapsed = 00:00:00.001 . Memory (MB): peak = 1539.402 ; gain = 0.000
INFO: [Project 1-111] Unisim Transformation Summary:
  A total of 1 instances were transformed.
  IOBUF => IOBUF (IBUF, OBUFT): 1 instance 

Synth Design complete | Checksum: 19fd0a36
INFO: [Common 17-83] Releasing license: Synthesis
61 Infos, 11 Warnings, 0 Critical Warnings and 0 Errors encountered.
synth_design completed successfully
synth_design: Time (s): cpu = 00:00:23 ; elapsed = 00:00:27 . Memory (MB): peak = 1539.402 ; gain = 1249.066
Write ShapeDB Complete: Time (s): cpu = 00:00:00 ; elapsed = 00:00:00.001 . Memory (MB): peak = 1539.402 ; gain = 0.000
INFO: [Common 17-1381] The checkpoint 'C:/Users/frabo/a/Programming/Vivado/speaker_3/speaker_3.runs/synth_1/audio_testbench.dcp' has been generated.
INFO: [Vivado 12-24828] Executing command : report_utilization -file audio_testbench_utilization_synth.rpt -pb audio_testbench_utilization_synth.pb
INFO: [Common 17-206] Exiting Vivado at Mon Apr 27 17:14:21 2026...
